# JRE version: Java(TM) SE Runtime Environment (17.0.11+7) (build 17.0.11+7-LTS-207)
# Java VM: Java HotSpot(TM) 64-Bit Server VM (17.0.11+7-LTS-207, mixed mode, sharing, tiered, compressed oops, compressed class ptrs, g1 gc, windows-amd64)
GC Precious Log:
 CPUs: 4 total, 4 available
 Memory: 8097M
 Large Page Support: Disabled
 NUMA Support: Disabled
 Compressed Oops: Enabled (Zero based)
 Heap Region Size: 2M
 Heap Min Capacity: 8M
 Heap Initial Capacity: 128M
 Heap Max Capacity: 4G
 Pre-touch: Disabled
 Parallel Workers: 4
 Concurrent Workers: 1
 Concurrent Refinement Workers: 4
 Periodic GC: Disabled
Heap:
 garbage-first heap   total 96256K, used 63969K [0x0000000700000000, 0x0000000800000000)
  region size 2048K, 13 young (26624K), 3 survivors (6144K)
 Metaspace       used 58300K, committed 58944K, reserved 1114112K
  class space    used 8202K, committed 8512K, reserved 1048576K
GC Heap History (20 events):
Event: 97.386 GC heap before
{Heap before GC invocations=6 (full 0):
 garbage-first heap   total 96256K, used 77287K [0x0000000700000000, 0x0000000800000000)
  region size 2048K, 28 young (57344K), 2 survivors (4096K)
 Metaspace       used 30271K, committed 30720K, reserved 1114112K
  class space    used 4318K, committed 4544K, reserved 1048576K
}
Event: 97.405 GC heap after
{Heap after GC invocations=7 (full 0):
 garbage-first heap   total 96256K, used 27460K [0x0000000700000000, 0x0000000800000000)
  region size 2048K, 4 young (8192K), 4 survivors (8192K)
 Metaspace       used 30271K, committed 30720K, reserved 1114112K
  class space    used 4318K, committed 4544K, reserved 1048576K
}
Event: 97.627 GC heap before
{Heap before GC invocations=7 (full 0):
 garbage-first heap   total 96256K, used 29508K [0x0000000700000000, 0x0000000800000000)
  region size 2048K, 5 young (10240K), 4 survivors (8192K)
 Metaspace       used 30699K, committed 31104K, reserved 1114112K
  class space    used 4370K, committed 4544K, reserved 1048576K
}
Event: 97.645 GC heap after
{Heap after GC invocations=8 (full 0):
 garbage-first heap   total 96256K, used 28271K [0x0000000700000000, 0x0000000800000000)
  region size 2048K, 1 young (2048K), 1 survivors (2048K)
 Metaspace       used 30699K, committed 31104K, reserved 1114112K
  class space    used 4370K, committed 4544K, reserved 1048576K
}
Event: 104.745 GC heap before
{Heap before GC invocations=8 (full 0):
 garbage-first heap   total 96256K, used 71279K [0x0000000700000000, 0x0000000800000000)
  region size 2048K, 22 young (45056K), 1 survivors (2048K)
 Metaspace       used 34334K, committed 34752K, reserved 1114112K
  class space    used 4716K, committed 4928K, reserved 1048576K
}
Event: 104.762 GC heap after
{Heap after GC invocations=9 (full 0):
 garbage-first heap   total 96256K, used 32058K [0x0000000700000000, 0x0000000800000000)
  region size 2048K, 3 young (6144K), 3 survivors (6144K)
 Metaspace       used 34334K, committed 34752K, reserved 1114112K
  class space    used 4716K, committed 4928K, reserved 1048576K
}
Event: 108.377 GC heap before
{Heap before GC invocations=9 (full 0):
 garbage-first heap   total 96256K, used 56634K [0x0000000700000000, 0x0000000800000000)
  region size 2048K, 16 young (32768K), 3 survivors (6144K)
 Metaspace       used 35570K, committed 36096K, reserved 1114112K
  class space    used 4914K, committed 5184K, reserved 1048576K
}
Event: 108.398 GC heap after
{Heap after GC invocations=10 (full 0):
 garbage-first heap   total 96256K, used 33559K [0x0000000700000000, 0x0000000800000000)
  region size 2048K, 1 young (2048K), 1 survivors (2048K)
 Metaspace       used 35570K, committed 36096K, reserved 1114112K
  class space    used 4914K, committed 5184K, reserved 1048576K
}
Event: 112.048 GC heap before
{Heap before GC invocations=11 (full 0):
 garbage-first heap   total 96256K, used 70423K [0x0000000700000000, 0x0000000800000000)
  region size 2048K, 20 young (40960K), 1 survivors (2048K)
 Metaspace       used 38651K, committed 39168K, reserved 1114112K
  class space    used 5317K, committed 5568K, reserved 1048576K
}
Event: 112.060 GC heap after
{Heap after GC invocations=12 (full 0):
 garbage-first heap   total 96256K, used 35607K [0x0000000700000000, 0x0000000800000000)
  region size 2048K, 2 young (4096K), 2 survivors (4096K)
 Metaspace       used 38651K, committed 39168K, reserved 1114112K
  class space    used 5317K, committed 5568K, reserved 1048576K
}
Event: 119.941 GC heap before
{Heap before GC invocations=12 (full 0):
 garbage-first heap   total 96256K, used 74519K [0x0000000700000000, 0x0000000800000000)
  region size 2048K, 21 young (43008K), 2 survivors (4096K)
 Metaspace       used 43634K, committed 44224K, reserved 1114112K
  class space    used 6082K, committed 6400K, reserved 1048576K
}
Event: 119.965 GC heap after
{Heap after GC invocations=13 (full 0):
 garbage-first heap   total 96256K, used 37948K [0x0000000700000000, 0x0000000800000000)
  region size 2048K, 3 young (6144K), 3 survivors (6144K)
 Metaspace       used 43634K, committed 44224K, reserved 1114112K
  class space    used 6082K, committed 6400K, reserved 1048576K
}
Event: 128.845 GC heap before
{Heap before GC invocations=13 (full 0):
 garbage-first heap   total 96256K, used 74812K [0x0000000700000000, 0x0000000800000000)
  region size 2048K, 21 young (43008K), 3 survivors (6144K)
 Metaspace       used 47886K, committed 48448K, reserved 1114112K
  class space    used 6693K, committed 6976K, reserved 1048576K
}
Event: 128.868 GC heap after
{Heap after GC invocations=14 (full 0):
 garbage-first heap   total 96256K, used 39402K [0x0000000700000000, 0x0000000800000000)
  region size 2048K, 2 young (4096K), 2 survivors (4096K)
 Metaspace       used 47886K, committed 48448K, reserved 1114112K
  class space    used 6693K, committed 6976K, reserved 1048576K
}
Event: 133.527 GC heap before
{Heap before GC invocations=14 (full 0):
 garbage-first heap   total 96256K, used 74218K [0x0000000700000000, 0x0000000800000000)
  region size 2048K, 20 young (40960K), 2 survivors (4096K)
 Metaspace       used 51743K, committed 52352K, reserved 1114112K
  class space    used 7214K, committed 7488K, reserved 1048576K
}
Event: 133.539 GC heap after
{Heap after GC invocations=15 (full 0):
 garbage-first heap   total 96256K, used 41397K [0x0000000700000000, 0x0000000800000000)
  region size 2048K, 2 young (4096K), 2 survivors (4096K)
 Metaspace       used 51743K, committed 52352K, reserved 1114112K
  class space    used 7214K, committed 7488K, reserved 1048576K
}
Event: 135.987 GC heap before
{Heap before GC invocations=15 (full 0):
 garbage-first heap   total 96256K, used 76213K [0x0000000700000000, 0x0000000800000000)
  region size 2048K, 19 young (38912K), 2 survivors (4096K)
 Metaspace       used 55288K, committed 55936K, reserved 1114112K
  class space    used 7784K, committed 8064K, reserved 1048576K
}
Event: 135.998 GC heap after
{Heap after GC invocations=16 (full 0):
 garbage-first heap   total 96256K, used 43330K [0x0000000700000000, 0x0000000800000000)
  region size 2048K, 2 young (4096K), 2 survivors (4096K)
 Metaspace       used 55288K, committed 55936K, reserved 1114112K
  class space    used 7784K, committed 8064K, reserved 1048576K
}
Event: 149.680 GC heap before
{Heap before GC invocations=16 (full 0):
 garbage-first heap   total 96256K, used 76098K [0x0000000700000000, 0x0000000800000000)
  region size 2048K, 18 young (36864K), 2 survivors (4096K)
 Metaspace       used 57993K, committed 58560K, reserved 1114112K
  class space    used 8182K, committed 8448K, reserved 1048576K
}
Event: 149.701 GC heap after
{Heap after GC invocations=17 (full 0):
 garbage-first heap   total 96256K, used 47585K [0x0000000700000000, 0x0000000800000000)
  region size 2048K, 3 young (6144K), 3 survivors (6144K)
 Metaspace       used 57993K, committed 58560K, reserved 1114112K
  class space    used 8182K, committed 8448K, reserved 1048576K
}

